<?xml version="1.0" encoding="UTF-8"?>
<coverage generated="1727453703278" clover="3.2.0">
  <project timestamp="1727453703278" name="All files">
    <metrics statements="7" coveredstatements="7" conditionals="0" coveredconditionals="0" methods="4" coveredmethods="4" elements="11" coveredelements="11" complexity="0" loc="7" ncloc="7" packages="1" files="1" classes="1"/>
    <file name="best_score_counting.js" path="/Users/valeriiasharybina/QA/QA_auto/best-student-score/best_score_counting.js">
      <metrics statements="7" coveredstatements="7" conditionals="0" coveredconditionals="0" methods="4" coveredmethods="4"/>
      <line num="1" count="1" type="stmt"/>
      <line num="31" count="16" type="stmt"/>
      <line num="34" count="4" type="stmt"/>
      <line num="39" count="1" type="stmt"/>
      <line num="40" count="1" type="stmt"/>
      <line num="43" count="1" type="stmt"/>
      <line num="45" count="1" type="stmt"/>
    </file>
  </project>
</coverage>
