{"/Users/valeriiasharybina/QA/QA_auto/best-student-score/best_score_counting.js": {"path":"/Users/valeriiasharybina/QA/QA_auto/best-student-score/best_score_counting.js","statementMap":{"0":{"start":{"line":1,"column":23},"end":{"line":26,"column":1}},"1":{"start":{"line":31,"column":19},"end":{"line":31,"column":70}},"2":{"start":{"line":31,"column":55},"end":{"line":31,"column":68}},"3":{"start":{"line":34,"column":2},"end":{"line":34,"column":62}},"4":{"start":{"line":34,"column":34},"end":{"line":34,"column":60}},"5":{"start":{"line":39,"column":21},"end":{"line":39,"column":46}},"6":{"start":{"line":40,"column":2},"end":{"line":40,"column":103}},"7":{"start":{"line":43,"column":0},"end":{"line":43,"column":43}},"8":{"start":{"line":45,"column":0},"end":{"line":45,"column":37}}},"fnMap":{"0":{"name":"findBestStudent","decl":{"start":{"line":30,"column":9},"end":{"line":30,"column":24}},"loc":{"start":{"line":30,"column":35},"end":{"line":35,"column":1}},"line":30},"1":{"name":"(anonymous_1)","decl":{"start":{"line":31,"column":44},"end":{"line":31,"column":45}},"loc":{"start":{"line":31,"column":55},"end":{"line":31,"column":68}},"line":31},"2":{"name":"(anonymous_2)","decl":{"start":{"line":34,"column":23},"end":{"line":34,"column":24}},"loc":{"start":{"line":34,"column":34},"end":{"line":34,"column":60}},"line":34},"3":{"name":"congratulateBestStudent","decl":{"start":{"line":38,"column":9},"end":{"line":38,"column":32}},"loc":{"start":{"line":38,"column":43},"end":{"line":41,"column":1}},"line":38}},"branchMap":{},"s":{"0":1,"1":4,"2":16,"3":4,"4":4,"5":1,"6":1,"7":1,"8":1},"f":{"0":4,"1":16,"2":4,"3":1},"b":{},"_coverageSchema":"1a1c01bbd47fc00a2c39e90264f33305004495a9","hash":"9b519637e7539c2fc9171bd99774890338a46310"}
}
